<?xml version="1.0" encoding="UTF-8"?>
<testng-results skipped="0" failed="0" ignored="0" total="1" passed="1">
  <reporter-output>
  </reporter-output>
  <suite name="Default suite" duration-ms="4084" started-at="2021-03-20T16:24:50Z" finished-at="2021-03-20T16:24:54Z">
    <groups>
    </groups>
    <test name="Default test" duration-ms="4084" started-at="2021-03-20T16:24:50Z" finished-at="2021-03-20T16:24:54Z">
      <class name="simpletest">
        <test-method status="PASS" signature="getMethod()[pri:0, instance:simpletest@88c5fc40]" name="getMethod" duration-ms="3989" started-at="2021-03-20T16:24:50Z" finished-at="2021-03-20T16:24:54Z">
          <reporter-output>
          </reporter-output>
        </test-method> <!-- getMethod -->
      </class> <!-- simpletest -->
    </test> <!-- Default test -->
  </suite> <!-- Default suite -->
</testng-results>
